Resolving data files: 100%|███████████████████████████████████████████████████████| 294/294 [00:00<00:00, 38086.46it/s]
Resolving data files: 100%|█████████████████████████████████████████████████████████| 28/28 [00:00<00:00, 32822.95it/s]
Resolving data files: 100%|███████████████████████████████████████████████████████| 294/294 [00:00<00:00, 38398.37it/s]
Resolving data files: 100%|█████████████████████████████████████████████████████████| 28/28 [00:00<00:00, 34179.43it/s]
data/train-00000-of-00294.parquet: 100%|█████████████████████████████████████████████| 505M/505M [00:01<00:00, 349MB/s]
data/train-00001-of-00294.parquet: 100%|█████████████████████████████████████████████| 498M/498M [00:02<00:00, 221MB/s]
data/train-00002-of-00294.parquet: 100%|█████████████████████████████████████████████| 494M/494M [00:02<00:00, 220MB/s]
data/train-00003-of-00294.parquet: 100%|█████████████████████████████████████████████| 490M/490M [00:04<00:00, 104MB/s]
data/train-00004-of-00294.parquet: 100%|████████████████████████████████████████████| 486M/486M [00:07<00:00, 63.2MB/s]
data/train-00005-of-00294.parquet: 100%|████████████████████████████████████████████| 511M/511M [00:07<00:00, 69.5MB/s]
data/train-00006-of-00294.parquet: 100%|████████████████████████████████████████████| 484M/484M [00:08<00:00, 56.2MB/s]
data/train-00007-of-00294.parquet: 100%|████████████████████████████████████████████| 492M/492M [00:07<00:00, 63.7MB/s]
data/train-00008-of-00294.parquet: 100%|████████████████████████████████████████████| 497M/497M [00:07<00:00, 68.3MB/s]
data/train-00009-of-00294.parquet: 100%|████████████████████████████████████████████| 496M/496M [00:09<00:00, 51.3MB/s]
data/train-00010-of-00294.parquet: 100%|█████████████████████████████████████████████| 502M/502M [00:04<00:00, 104MB/s]
data/train-00011-of-00294.parquet: 100%|████████████████████████████████████████████| 498M/498M [00:07<00:00, 65.1MB/s]
data/train-00012-of-00294.parquet: 100%|████████████████████████████████████████████| 500M/500M [00:07<00:00, 66.3MB/s]
data/train-00013-of-00294.parquet: 100%|████████████████████████████████████████████| 504M/504M [00:09<00:00, 52.6MB/s]
data/train-00014-of-00294.parquet: 100%|████████████████████████████████████████████| 487M/487M [00:04<00:00, 97.6MB/s]
data/train-00015-of-00294.parquet: 100%|████████████████████████████████████████████| 510M/510M [00:09<00:00, 56.4MB/s]
data/train-00016-of-00294.parquet: 100%|████████████████████████████████████████████| 496M/496M [00:07<00:00, 70.5MB/s]
data/train-00017-of-00294.parquet: 100%|████████████████████████████████████████████| 511M/511M [00:08<00:00, 61.0MB/s]
data/train-00018-of-00294.parquet: 100%|████████████████████████████████████████████| 510M/510M [00:06<00:00, 73.0MB/s]
data/train-00019-of-00294.parquet: 100%|████████████████████████████████████████████| 503M/503M [00:08<00:00, 60.9MB/s]
data/train-00020-of-00294.parquet: 100%|████████████████████████████████████████████| 486M/486M [00:06<00:00, 70.3MB/s]
data/train-00021-of-00294.parquet: 100%|████████████████████████████████████████████| 487M/487M [00:07<00:00, 67.2MB/s]
data/train-00022-of-00294.parquet: 100%|████████████████████████████████████████████| 511M/511M [00:09<00:00, 52.3MB/s]
data/train-00023-of-00294.parquet: 100%|█████████████████████████████████████████████| 509M/509M [00:04<00:00, 107MB/s]
data/train-00024-of-00294.parquet: 100%|████████████████████████████████████████████| 493M/493M [00:07<00:00, 66.6MB/s]
data/train-00025-of-00294.parquet: 100%|████████████████████████████████████████████| 494M/494M [00:08<00:00, 58.6MB/s]
data/train-00026-of-00294.parquet: 100%|████████████████████████████████████████████| 506M/506M [00:05<00:00, 86.2MB/s]
data/train-00027-of-00294.parquet: 100%|████████████████████████████████████████████| 496M/496M [00:09<00:00, 51.4MB/s]
data/train-00028-of-00294.parquet: 100%|████████████████████████████████████████████| 496M/496M [00:05<00:00, 89.6MB/s]
data/train-00029-of-00294.parquet: 100%|████████████████████████████████████████████| 502M/502M [00:08<00:00, 56.4MB/s]
data/train-00030-of-00294.parquet: 100%|████████████████████████████████████████████| 501M/501M [00:06<00:00, 76.5MB/s]
data/train-00031-of-00294.parquet: 100%|████████████████████████████████████████████| 492M/492M [00:05<00:00, 89.8MB/s]
data/train-00032-of-00294.parquet: 100%|████████████████████████████████████████████| 501M/501M [00:08<00:00, 60.5MB/s]
data/train-00033-of-00294.parquet: 100%|████████████████████████████████████████████| 497M/497M [00:08<00:00, 60.4MB/s]
data/train-00034-of-00294.parquet: 100%|████████████████████████████████████████████| 500M/500M [00:10<00:00, 49.4MB/s]
data/train-00035-of-00294.parquet: 100%|█████████████████████████████████████████████| 504M/504M [00:04<00:00, 106MB/s]
data/train-00036-of-00294.parquet: 100%|████████████████████████████████████████████| 505M/505M [00:07<00:00, 63.4MB/s]
data/train-00037-of-00294.parquet: 100%|████████████████████████████████████████████| 497M/497M [00:06<00:00, 71.6MB/s]
data/train-00038-of-00294.parquet: 100%|████████████████████████████████████████████| 508M/508M [00:07<00:00, 65.2MB/s]
data/train-00039-of-00294.parquet: 100%|████████████████████████████████████████████| 505M/505M [00:07<00:00, 68.5MB/s]
data/train-00040-of-00294.parquet: 100%|████████████████████████████████████████████| 496M/496M [00:08<00:00, 61.6MB/s]
data/train-00041-of-00294.parquet: 100%|████████████████████████████████████████████| 494M/494M [00:07<00:00, 62.8MB/s]
data/train-00042-of-00294.parquet: 100%|████████████████████████████████████████████| 491M/491M [00:07<00:00, 67.6MB/s]
data/train-00043-of-00294.parquet: 100%|████████████████████████████████████████████| 492M/492M [00:07<00:00, 68.0MB/s]
data/train-00044-of-00294.parquet: 100%|████████████████████████████████████████████| 504M/504M [00:06<00:00, 74.5MB/s]
data/train-00045-of-00294.parquet: 100%|████████████████████████████████████████████| 513M/513M [00:07<00:00, 66.0MB/s]
data/train-00046-of-00294.parquet: 100%|████████████████████████████████████████████| 493M/493M [00:08<00:00, 60.5MB/s]
data/train-00047-of-00294.parquet: 100%|████████████████████████████████████████████| 491M/491M [00:07<00:00, 64.6MB/s]
data/train-00048-of-00294.parquet: 100%|████████████████████████████████████████████| 493M/493M [00:06<00:00, 81.8MB/s]
data/train-00049-of-00294.parquet: 100%|████████████████████████████████████████████| 505M/505M [00:06<00:00, 77.0MB/s]
data/train-00050-of-00294.parquet: 100%|████████████████████████████████████████████| 498M/498M [00:09<00:00, 52.8MB/s]
data/train-00051-of-00294.parquet: 100%|████████████████████████████████████████████| 509M/509M [00:06<00:00, 78.3MB/s]
data/train-00052-of-00294.parquet: 100%|████████████████████████████████████████████| 491M/491M [00:09<00:00, 52.9MB/s]
data/train-00053-of-00294.parquet: 100%|████████████████████████████████████████████| 489M/489M [00:05<00:00, 95.6MB/s]
data/train-00054-of-00294.parquet: 100%|████████████████████████████████████████████| 497M/497M [00:07<00:00, 65.9MB/s]
data/train-00055-of-00294.parquet: 100%|████████████████████████████████████████████| 492M/492M [00:07<00:00, 63.5MB/s]
data/train-00056-of-00294.parquet: 100%|████████████████████████████████████████████| 490M/490M [00:07<00:00, 68.6MB/s]
data/train-00057-of-00294.parquet: 100%|████████████████████████████████████████████| 485M/485M [00:07<00:00, 66.9MB/s]
data/train-00058-of-00294.parquet: 100%|████████████████████████████████████████████| 484M/484M [00:06<00:00, 70.1MB/s]
data/train-00059-of-00294.parquet: 100%|████████████████████████████████████████████| 495M/495M [00:07<00:00, 62.7MB/s]
data/train-00060-of-00294.parquet: 100%|████████████████████████████████████████████| 508M/508M [00:08<00:00, 59.6MB/s]
data/train-00061-of-00294.parquet: 100%|████████████████████████████████████████████| 495M/495M [00:06<00:00, 72.4MB/s]
data/train-00062-of-00294.parquet: 100%|████████████████████████████████████████████| 500M/500M [00:07<00:00, 69.6MB/s]
data/train-00063-of-00294.parquet: 100%|████████████████████████████████████████████| 494M/494M [00:07<00:00, 65.4MB/s]
data/train-00064-of-00294.parquet: 100%|████████████████████████████████████████████| 501M/501M [00:10<00:00, 47.9MB/s]
data/train-00065-of-00294.parquet: 100%|████████████████████████████████████████████| 520M/520M [00:05<00:00, 96.9MB/s]
data/train-00066-of-00294.parquet: 100%|████████████████████████████████████████████| 500M/500M [00:08<00:00, 56.8MB/s]
data/train-00067-of-00294.parquet: 100%|████████████████████████████████████████████| 532M/532M [00:06<00:00, 88.6MB/s]
data/train-00068-of-00294.parquet: 100%|████████████████████████████████████████████| 480M/480M [00:07<00:00, 61.2MB/s]
data/train-00069-of-00294.parquet: 100%|████████████████████████████████████████████| 503M/503M [00:07<00:00, 69.8MB/s]
data/train-00070-of-00294.parquet: 100%|████████████████████████████████████████████| 501M/501M [00:07<00:00, 70.9MB/s]
data/train-00071-of-00294.parquet: 100%|████████████████████████████████████████████| 513M/513M [00:08<00:00, 62.5MB/s]
data/train-00072-of-00294.parquet: 100%|████████████████████████████████████████████| 494M/494M [00:07<00:00, 66.8MB/s]
data/train-00073-of-00294.parquet: 100%|████████████████████████████████████████████| 506M/506M [00:07<00:00, 70.2MB/s]
data/train-00074-of-00294.parquet: 100%|████████████████████████████████████████████| 515M/515M [00:08<00:00, 59.9MB/s]
data/train-00075-of-00294.parquet: 100%|████████████████████████████████████████████| 507M/507M [00:06<00:00, 80.0MB/s]
data/train-00076-of-00294.parquet: 100%|████████████████████████████████████████████| 499M/499M [00:06<00:00, 73.3MB/s]
data/train-00077-of-00294.parquet: 100%|████████████████████████████████████████████| 505M/505M [00:08<00:00, 61.5MB/s]
data/train-00078-of-00294.parquet: 100%|████████████████████████████████████████████| 513M/513M [00:07<00:00, 72.8MB/s]
data/train-00079-of-00294.parquet: 100%|████████████████████████████████████████████| 509M/509M [00:08<00:00, 63.6MB/s]
data/train-00080-of-00294.parquet: 100%|████████████████████████████████████████████| 490M/490M [00:09<00:00, 50.2MB/s]
data/train-00081-of-00294.parquet: 100%|████████████████████████████████████████████| 511M/511M [00:06<00:00, 80.6MB/s]
data/train-00082-of-00294.parquet: 100%|████████████████████████████████████████████| 486M/486M [00:06<00:00, 80.6MB/s]
data/train-00083-of-00294.parquet: 100%|████████████████████████████████████████████| 507M/507M [00:09<00:00, 51.4MB/s]
data/train-00084-of-00294.parquet: 100%|████████████████████████████████████████████| 498M/498M [00:06<00:00, 82.2MB/s]
data/train-00085-of-00294.parquet: 100%|████████████████████████████████████████████| 493M/493M [00:08<00:00, 55.8MB/s]
data/train-00086-of-00294.parquet: 100%|████████████████████████████████████████████| 489M/489M [00:06<00:00, 74.1MB/s]
data/train-00087-of-00294.parquet: 100%|████████████████████████████████████████████| 514M/514M [00:07<00:00, 71.0MB/s]
data/train-00088-of-00294.parquet: 100%|████████████████████████████████████████████| 495M/495M [00:07<00:00, 63.6MB/s]
data/train-00089-of-00294.parquet: 100%|████████████████████████████████████████████| 507M/507M [00:08<00:00, 59.9MB/s]
data/train-00090-of-00294.parquet: 100%|████████████████████████████████████████████| 486M/486M [00:06<00:00, 79.2MB/s]
data/train-00091-of-00294.parquet: 100%|████████████████████████████████████████████| 504M/504M [00:06<00:00, 73.7MB/s]
data/train-00092-of-00294.parquet: 100%|████████████████████████████████████████████| 492M/492M [00:07<00:00, 65.9MB/s]
data/train-00093-of-00294.parquet: 100%|████████████████████████████████████████████| 503M/503M [00:08<00:00, 58.6MB/s]
data/train-00094-of-00294.parquet: 100%|████████████████████████████████████████████| 494M/494M [00:06<00:00, 71.8MB/s]
data/train-00095-of-00294.parquet: 100%|████████████████████████████████████████████| 495M/495M [00:07<00:00, 63.1MB/s]
data/train-00096-of-00294.parquet: 100%|████████████████████████████████████████████| 497M/497M [00:07<00:00, 69.0MB/s]
data/train-00097-of-00294.parquet: 100%|████████████████████████████████████████████| 480M/480M [00:07<00:00, 64.4MB/s]
data/train-00098-of-00294.parquet: 100%|████████████████████████████████████████████| 509M/509M [00:07<00:00, 67.0MB/s]
data/train-00099-of-00294.parquet: 100%|████████████████████████████████████████████| 501M/501M [00:07<00:00, 66.3MB/s]
data/train-00100-of-00294.parquet: 100%|████████████████████████████████████████████| 504M/504M [00:07<00:00, 65.3MB/s]
data/train-00101-of-00294.parquet: 100%|████████████████████████████████████████████| 503M/503M [00:07<00:00, 65.5MB/s]
data/train-00102-of-00294.parquet: 100%|████████████████████████████████████████████| 485M/485M [00:09<00:00, 50.7MB/s]
data/train-00103-of-00294.parquet: 100%|████████████████████████████████████████████| 496M/496M [00:05<00:00, 87.5MB/s]
data/train-00104-of-00294.parquet: 100%|████████████████████████████████████████████| 504M/504M [00:06<00:00, 74.3MB/s]
data/train-00105-of-00294.parquet: 100%|████████████████████████████████████████████| 496M/496M [00:07<00:00, 62.4MB/s]
data/train-00106-of-00294.parquet: 100%|████████████████████████████████████████████| 489M/489M [00:07<00:00, 61.6MB/s]
data/train-00107-of-00294.parquet: 100%|████████████████████████████████████████████| 484M/484M [00:07<00:00, 64.3MB/s]
data/train-00108-of-00294.parquet: 100%|████████████████████████████████████████████| 507M/507M [00:05<00:00, 87.8MB/s]
data/train-00109-of-00294.parquet: 100%|████████████████████████████████████████████| 495M/495M [00:07<00:00, 64.2MB/s]
data/train-00110-of-00294.parquet: 100%|████████████████████████████████████████████| 498M/498M [00:07<00:00, 68.3MB/s]
data/train-00111-of-00294.parquet: 100%|████████████████████████████████████████████| 510M/510M [00:08<00:00, 58.3MB/s]
data/train-00112-of-00294.parquet: 100%|████████████████████████████████████████████| 501M/501M [00:06<00:00, 75.6MB/s]
data/train-00113-of-00294.parquet: 100%|████████████████████████████████████████████| 508M/508M [00:07<00:00, 64.8MB/s]
data/train-00114-of-00294.parquet: 100%|████████████████████████████████████████████| 476M/476M [00:07<00:00, 64.2MB/s]
data/train-00115-of-00294.parquet: 100%|████████████████████████████████████████████| 494M/494M [00:07<00:00, 68.0MB/s]
data/train-00116-of-00294.parquet: 100%|████████████████████████████████████████████| 508M/508M [00:07<00:00, 63.7MB/s]
data/train-00117-of-00294.parquet: 100%|████████████████████████████████████████████| 493M/493M [00:07<00:00, 67.7MB/s]
data/train-00118-of-00294.parquet: 100%|████████████████████████████████████████████| 494M/494M [00:07<00:00, 70.3MB/s]
data/train-00119-of-00294.parquet: 100%|████████████████████████████████████████████| 499M/499M [00:07<00:00, 65.5MB/s]
data/train-00120-of-00294.parquet: 100%|████████████████████████████████████████████| 499M/499M [00:08<00:00, 61.4MB/s]
data/train-00121-of-00294.parquet: 100%|████████████████████████████████████████████| 507M/507M [00:07<00:00, 67.6MB/s]
data/train-00122-of-00294.parquet: 100%|████████████████████████████████████████████| 506M/506M [00:06<00:00, 72.8MB/s]
data/train-00123-of-00294.parquet: 100%|████████████████████████████████████████████| 500M/500M [00:10<00:00, 49.0MB/s]
data/train-00124-of-00294.parquet: 100%|█████████████████████████████████████████████| 488M/488M [00:04<00:00, 104MB/s]
data/train-00125-of-00294.parquet: 100%|████████████████████████████████████████████| 493M/493M [00:07<00:00, 68.9MB/s]
data/train-00126-of-00294.parquet: 100%|████████████████████████████████████████████| 493M/493M [00:07<00:00, 64.3MB/s]
data/train-00127-of-00294.parquet: 100%|████████████████████████████████████████████| 492M/492M [00:08<00:00, 60.0MB/s]
data/train-00128-of-00294.parquet: 100%|████████████████████████████████████████████| 490M/490M [00:08<00:00, 58.5MB/s]
data/train-00129-of-00294.parquet: 100%|████████████████████████████████████████████| 493M/493M [00:07<00:00, 61.8MB/s]
data/train-00130-of-00294.parquet: 100%|████████████████████████████████████████████| 504M/504M [00:06<00:00, 72.7MB/s]
data/train-00131-of-00294.parquet: 100%|████████████████████████████████████████████| 498M/498M [00:08<00:00, 58.6MB/s]
data/train-00132-of-00294.parquet: 100%|████████████████████████████████████████████| 495M/495M [00:06<00:00, 77.5MB/s]
data/train-00133-of-00294.parquet: 100%|████████████████████████████████████████████| 521M/521M [00:08<00:00, 59.2MB/s]
data/train-00134-of-00294.parquet: 100%|████████████████████████████████████████████| 486M/486M [00:07<00:00, 69.4MB/s]
data/train-00135-of-00294.parquet: 100%|████████████████████████████████████████████| 495M/495M [00:06<00:00, 79.2MB/s]
data/train-00136-of-00294.parquet: 100%|████████████████████████████████████████████| 499M/499M [00:06<00:00, 71.3MB/s]
data/train-00137-of-00294.parquet: 100%|████████████████████████████████████████████| 497M/497M [00:08<00:00, 61.6MB/s]
data/train-00138-of-00294.parquet: 100%|████████████████████████████████████████████| 513M/513M [00:07<00:00, 68.2MB/s]
data/train-00139-of-00294.parquet: 100%|████████████████████████████████████████████| 491M/491M [00:08<00:00, 60.9MB/s]
data/train-00140-of-00294.parquet: 100%|████████████████████████████████████████████| 500M/500M [00:07<00:00, 65.9MB/s]
data/train-00141-of-00294.parquet: 100%|████████████████████████████████████████████| 485M/485M [00:09<00:00, 50.2MB/s]
data/train-00142-of-00294.parquet: 100%|█████████████████████████████████████████████| 485M/485M [00:04<00:00, 107MB/s]
data/train-00143-of-00294.parquet: 100%|████████████████████████████████████████████| 498M/498M [00:06<00:00, 80.7MB/s]
data/train-00144-of-00294.parquet: 100%|████████████████████████████████████████████| 490M/490M [00:07<00:00, 65.1MB/s]
data/train-00145-of-00294.parquet: 100%|████████████████████████████████████████████| 494M/494M [00:08<00:00, 56.6MB/s]
data/train-00146-of-00294.parquet: 100%|████████████████████████████████████████████| 494M/494M [00:07<00:00, 62.8MB/s]
data/train-00147-of-00294.parquet: 100%|████████████████████████████████████████████| 490M/490M [00:06<00:00, 73.4MB/s]
data/train-00148-of-00294.parquet: 100%|████████████████████████████████████████████| 482M/482M [00:08<00:00, 56.4MB/s]
data/train-00149-of-00294.parquet: 100%|█████████████████████████████████████████████| 496M/496M [00:04<00:00, 112MB/s]
data/train-00150-of-00294.parquet: 100%|████████████████████████████████████████████| 489M/489M [00:07<00:00, 68.4MB/s]
data/train-00151-of-00294.parquet: 100%|████████████████████████████████████████████| 501M/501M [00:07<00:00, 64.6MB/s]
data/train-00152-of-00294.parquet: 100%|████████████████████████████████████████████| 507M/507M [00:06<00:00, 73.5MB/s]
data/train-00153-of-00294.parquet: 100%|████████████████████████████████████████████| 489M/489M [00:07<00:00, 67.6MB/s]
data/train-00154-of-00294.parquet: 100%|████████████████████████████████████████████| 488M/488M [00:07<00:00, 64.5MB/s]
data/train-00155-of-00294.parquet: 100%|████████████████████████████████████████████| 488M/488M [00:07<00:00, 62.8MB/s]
data/train-00156-of-00294.parquet: 100%|████████████████████████████████████████████| 501M/501M [00:08<00:00, 58.7MB/s]
data/train-00157-of-00294.parquet: 100%|████████████████████████████████████████████| 495M/495M [00:06<00:00, 74.1MB/s]
data/train-00158-of-00294.parquet: 100%|████████████████████████████████████████████| 489M/489M [00:07<00:00, 68.0MB/s]
data/train-00159-of-00294.parquet: 100%|████████████████████████████████████████████| 499M/499M [00:07<00:00, 62.5MB/s]
data/train-00160-of-00294.parquet: 100%|████████████████████████████████████████████| 523M/523M [00:09<00:00, 56.5MB/s]
data/train-00161-of-00294.parquet: 100%|████████████████████████████████████████████| 488M/488M [00:05<00:00, 92.1MB/s]
data/train-00162-of-00294.parquet: 100%|████████████████████████████████████████████| 502M/502M [00:08<00:00, 62.5MB/s]
data/train-00163-of-00294.parquet: 100%|████████████████████████████████████████████| 485M/485M [00:06<00:00, 78.3MB/s]
data/train-00164-of-00294.parquet: 100%|████████████████████████████████████████████| 504M/504M [00:08<00:00, 61.5MB/s]
data/train-00165-of-00294.parquet: 100%|████████████████████████████████████████████| 499M/499M [00:06<00:00, 74.0MB/s]
data/train-00166-of-00294.parquet: 100%|████████████████████████████████████████████| 508M/508M [00:09<00:00, 54.9MB/s]
data/train-00167-of-00294.parquet: 100%|████████████████████████████████████████████| 495M/495M [00:08<00:00, 56.5MB/s]
data/train-00168-of-00294.parquet: 100%|████████████████████████████████████████████| 491M/491M [00:05<00:00, 97.7MB/s]
data/train-00169-of-00294.parquet: 100%|████████████████████████████████████████████| 488M/488M [00:08<00:00, 55.5MB/s]
data/train-00170-of-00294.parquet: 100%|████████████████████████████████████████████| 497M/497M [00:07<00:00, 64.7MB/s]
data/train-00171-of-00294.parquet: 100%|████████████████████████████████████████████| 508M/508M [00:08<00:00, 59.4MB/s]
data/train-00172-of-00294.parquet: 100%|████████████████████████████████████████████| 485M/485M [00:06<00:00, 70.1MB/s]
data/train-00173-of-00294.parquet: 100%|████████████████████████████████████████████| 505M/505M [00:07<00:00, 65.0MB/s]
data/train-00174-of-00294.parquet: 100%|████████████████████████████████████████████| 495M/495M [00:08<00:00, 60.1MB/s]
data/train-00175-of-00294.parquet: 100%|████████████████████████████████████████████| 489M/489M [00:06<00:00, 77.2MB/s]
data/train-00176-of-00294.parquet: 100%|████████████████████████████████████████████| 499M/499M [00:06<00:00, 74.6MB/s]
data/train-00177-of-00294.parquet: 100%|████████████████████████████████████████████| 502M/502M [00:08<00:00, 60.8MB/s]
data/train-00178-of-00294.parquet: 100%|████████████████████████████████████████████| 505M/505M [00:07<00:00, 69.5MB/s]
data/train-00179-of-00294.parquet: 100%|████████████████████████████████████████████| 498M/498M [00:07<00:00, 63.7MB/s]
data/train-00180-of-00294.parquet: 100%|████████████████████████████████████████████| 489M/489M [00:07<00:00, 63.7MB/s]
data/train-00181-of-00294.parquet: 100%|████████████████████████████████████████████| 500M/500M [00:09<00:00, 54.2MB/s]
data/train-00182-of-00294.parquet: 100%|████████████████████████████████████████████| 498M/498M [00:05<00:00, 85.0MB/s]
data/train-00183-of-00294.parquet: 100%|████████████████████████████████████████████| 500M/500M [00:08<00:00, 60.2MB/s]
data/train-00184-of-00294.parquet: 100%|████████████████████████████████████████████| 501M/501M [00:08<00:00, 56.4MB/s]
data/train-00185-of-00294.parquet: 100%|████████████████████████████████████████████| 500M/500M [00:06<00:00, 77.0MB/s]
data/train-00186-of-00294.parquet: 100%|████████████████████████████████████████████| 500M/500M [00:07<00:00, 64.1MB/s]
data/train-00187-of-00294.parquet: 100%|████████████████████████████████████████████| 485M/485M [00:06<00:00, 70.7MB/s]
data/train-00188-of-00294.parquet: 100%|████████████████████████████████████████████| 495M/495M [00:07<00:00, 69.3MB/s]
data/train-00189-of-00294.parquet: 100%|████████████████████████████████████████████| 500M/500M [00:07<00:00, 64.5MB/s]
data/train-00190-of-00294.parquet: 100%|████████████████████████████████████████████| 510M/510M [00:07<00:00, 64.9MB/s]
data/train-00191-of-00294.parquet: 100%|████████████████████████████████████████████| 510M/510M [00:07<00:00, 65.4MB/s]
data/train-00192-of-00294.parquet: 100%|████████████████████████████████████████████| 483M/483M [00:06<00:00, 70.4MB/s]
data/train-00193-of-00294.parquet: 100%|████████████████████████████████████████████| 488M/488M [00:07<00:00, 62.9MB/s]
data/train-00194-of-00294.parquet: 100%|████████████████████████████████████████████| 506M/506M [00:08<00:00, 59.6MB/s]
data/train-00195-of-00294.parquet: 100%|████████████████████████████████████████████| 500M/500M [00:09<00:00, 53.3MB/s]
data/train-00196-of-00294.parquet: 100%|████████████████████████████████████████████| 495M/495M [00:05<00:00, 93.8MB/s]
data/train-00197-of-00294.parquet: 100%|████████████████████████████████████████████| 506M/506M [00:07<00:00, 69.1MB/s]
data/train-00198-of-00294.parquet: 100%|████████████████████████████████████████████| 499M/499M [00:06<00:00, 71.9MB/s]
data/train-00199-of-00294.parquet: 100%|████████████████████████████████████████████| 499M/499M [00:08<00:00, 59.0MB/s]
data/train-00200-of-00294.parquet: 100%|████████████████████████████████████████████| 489M/489M [00:09<00:00, 52.4MB/s]
data/train-00201-of-00294.parquet: 100%|█████████████████████████████████████████████| 510M/510M [00:04<00:00, 112MB/s]
data/train-00202-of-00294.parquet: 100%|████████████████████████████████████████████| 498M/498M [00:07<00:00, 69.1MB/s]
data/train-00203-of-00294.parquet: 100%|████████████████████████████████████████████| 512M/512M [00:09<00:00, 55.5MB/s]
data/train-00204-of-00294.parquet: 100%|█████████████████████████████████████████████| 493M/493M [00:04<00:00, 101MB/s]
data/train-00205-of-00294.parquet: 100%|████████████████████████████████████████████| 512M/512M [00:07<00:00, 70.3MB/s]
data/train-00206-of-00294.parquet: 100%|████████████████████████████████████████████| 495M/495M [00:09<00:00, 49.6MB/s]
data/train-00207-of-00294.parquet: 100%|████████████████████████████████████████████| 491M/491M [00:05<00:00, 96.7MB/s]
data/train-00208-of-00294.parquet: 100%|████████████████████████████████████████████| 508M/508M [00:08<00:00, 56.9MB/s]
data/train-00209-of-00294.parquet: 100%|████████████████████████████████████████████| 508M/508M [00:06<00:00, 74.0MB/s]
data/train-00210-of-00294.parquet: 100%|████████████████████████████████████████████| 491M/491M [00:08<00:00, 58.6MB/s]
data/train-00211-of-00294.parquet: 100%|████████████████████████████████████████████| 504M/504M [00:07<00:00, 64.8MB/s]
data/train-00212-of-00294.parquet: 100%|████████████████████████████████████████████| 494M/494M [00:07<00:00, 70.2MB/s]
data/train-00213-of-00294.parquet: 100%|████████████████████████████████████████████| 507M/507M [00:08<00:00, 61.4MB/s]
data/train-00214-of-00294.parquet: 100%|████████████████████████████████████████████| 505M/505M [00:07<00:00, 65.6MB/s]
data/train-00215-of-00294.parquet: 100%|████████████████████████████████████████████| 492M/492M [00:09<00:00, 52.8MB/s]
data/train-00216-of-00294.parquet: 100%|█████████████████████████████████████████████| 495M/495M [00:04<00:00, 113MB/s]
data/train-00217-of-00294.parquet: 100%|████████████████████████████████████████████| 501M/501M [00:07<00:00, 63.0MB/s]
data/train-00218-of-00294.parquet: 100%|████████████████████████████████████████████| 486M/486M [00:06<00:00, 72.4MB/s]
data/train-00219-of-00294.parquet: 100%|████████████████████████████████████████████| 497M/497M [00:08<00:00, 58.5MB/s]
data/train-00220-of-00294.parquet: 100%|████████████████████████████████████████████| 504M/504M [00:07<00:00, 70.9MB/s]
data/train-00221-of-00294.parquet: 100%|████████████████████████████████████████████| 516M/516M [00:08<00:00, 61.4MB/s]
data/train-00222-of-00294.parquet: 100%|████████████████████████████████████████████| 514M/514M [00:08<00:00, 57.3MB/s]
data/train-00223-of-00294.parquet: 100%|████████████████████████████████████████████| 483M/483M [00:05<00:00, 92.5MB/s]
data/train-00224-of-00294.parquet: 100%|████████████████████████████████████████████| 492M/492M [00:07<00:00, 65.0MB/s]
data/train-00225-of-00294.parquet: 100%|████████████████████████████████████████████| 489M/489M [00:08<00:00, 54.8MB/s]
data/train-00226-of-00294.parquet: 100%|████████████████████████████████████████████| 501M/501M [00:07<00:00, 71.5MB/s]
data/train-00227-of-00294.parquet: 100%|████████████████████████████████████████████| 499M/499M [00:10<00:00, 49.0MB/s]
data/train-00228-of-00294.parquet: 100%|████████████████████████████████████████████| 499M/499M [00:06<00:00, 72.8MB/s]
data/train-00229-of-00294.parquet: 100%|████████████████████████████████████████████| 508M/508M [00:05<00:00, 93.4MB/s]
data/train-00230-of-00294.parquet: 100%|████████████████████████████████████████████| 502M/502M [00:08<00:00, 59.3MB/s]
data/train-00231-of-00294.parquet: 100%|████████████████████████████████████████████| 498M/498M [00:07<00:00, 67.3MB/s]
data/train-00232-of-00294.parquet: 100%|████████████████████████████████████████████| 494M/494M [00:07<00:00, 67.4MB/s]
data/train-00233-of-00294.parquet: 100%|████████████████████████████████████████████| 508M/508M [00:10<00:00, 48.1MB/s]
data/train-00234-of-00294.parquet: 100%|████████████████████████████████████████████| 502M/502M [00:06<00:00, 73.8MB/s]
data/train-00235-of-00294.parquet: 100%|████████████████████████████████████████████| 499M/499M [00:05<00:00, 95.3MB/s]
data/train-00236-of-00294.parquet: 100%|████████████████████████████████████████████| 489M/489M [00:07<00:00, 61.9MB/s]
data/train-00237-of-00294.parquet: 100%|████████████████████████████████████████████| 496M/496M [00:07<00:00, 66.6MB/s]
data/train-00238-of-00294.parquet: 100%|████████████████████████████████████████████| 502M/502M [00:07<00:00, 66.3MB/s]
data/train-00239-of-00294.parquet: 100%|████████████████████████████████████████████| 508M/508M [00:08<00:00, 60.4MB/s]
data/train-00240-of-00294.parquet: 100%|████████████████████████████████████████████| 504M/504M [00:07<00:00, 64.5MB/s]
data/train-00241-of-00294.parquet: 100%|████████████████████████████████████████████| 505M/505M [00:07<00:00, 67.2MB/s]
data/train-00242-of-00294.parquet: 100%|████████████████████████████████████████████| 495M/495M [00:08<00:00, 58.3MB/s]
data/train-00243-of-00294.parquet: 100%|████████████████████████████████████████████| 488M/488M [00:06<00:00, 70.6MB/s]
data/train-00244-of-00294.parquet: 100%|████████████████████████████████████████████| 501M/501M [00:10<00:00, 49.7MB/s]
data/train-00245-of-00294.parquet: 100%|████████████████████████████████████████████| 501M/501M [00:05<00:00, 88.8MB/s]
data/train-00246-of-00294.parquet: 100%|████████████████████████████████████████████| 492M/492M [00:07<00:00, 68.5MB/s]
data/train-00247-of-00294.parquet: 100%|████████████████████████████████████████████| 498M/498M [00:07<00:00, 63.1MB/s]
data/train-00248-of-00294.parquet: 100%|████████████████████████████████████████████| 491M/491M [00:08<00:00, 58.6MB/s]
data/train-00249-of-00294.parquet: 100%|████████████████████████████████████████████| 489M/489M [00:06<00:00, 72.0MB/s]
data/train-00250-of-00294.parquet: 100%|████████████████████████████████████████████| 495M/495M [00:07<00:00, 67.4MB/s]
data/train-00251-of-00294.parquet: 100%|████████████████████████████████████████████| 481M/481M [00:07<00:00, 67.1MB/s]
data/train-00252-of-00294.parquet: 100%|████████████████████████████████████████████| 493M/493M [00:08<00:00, 57.4MB/s]
data/train-00253-of-00294.parquet: 100%|████████████████████████████████████████████| 488M/488M [00:07<00:00, 63.1MB/s]
data/train-00254-of-00294.parquet: 100%|████████████████████████████████████████████| 489M/489M [00:06<00:00, 71.3MB/s]
data/train-00255-of-00294.parquet: 100%|████████████████████████████████████████████| 505M/505M [00:08<00:00, 61.6MB/s]
data/train-00256-of-00294.parquet: 100%|████████████████████████████████████████████| 508M/508M [00:06<00:00, 73.6MB/s]
data/train-00257-of-00294.parquet: 100%|████████████████████████████████████████████| 502M/502M [00:07<00:00, 64.0MB/s]
data/train-00258-of-00294.parquet: 100%|████████████████████████████████████████████| 510M/510M [00:08<00:00, 60.2MB/s]
data/train-00259-of-00294.parquet: 100%|████████████████████████████████████████████| 476M/476M [00:06<00:00, 73.6MB/s]
data/train-00260-of-00294.parquet: 100%|████████████████████████████████████████████| 499M/499M [00:06<00:00, 82.3MB/s]
data/train-00261-of-00294.parquet: 100%|████████████████████████████████████████████| 487M/487M [00:07<00:00, 67.3MB/s]
data/train-00262-of-00294.parquet: 100%|████████████████████████████████████████████| 503M/503M [00:09<00:00, 55.6MB/s]
data/train-00263-of-00294.parquet: 100%|████████████████████████████████████████████| 500M/500M [00:07<00:00, 67.6MB/s]
data/train-00264-of-00294.parquet: 100%|████████████████████████████████████████████| 480M/480M [00:05<00:00, 84.8MB/s]
data/train-00265-of-00294.parquet: 100%|████████████████████████████████████████████| 494M/494M [00:06<00:00, 71.4MB/s]
data/train-00266-of-00294.parquet: 100%|████████████████████████████████████████████| 508M/508M [00:08<00:00, 59.1MB/s]
data/train-00267-of-00294.parquet: 100%|████████████████████████████████████████████| 512M/512M [00:08<00:00, 62.6MB/s]
data/train-00268-of-00294.parquet: 100%|████████████████████████████████████████████| 495M/495M [00:06<00:00, 81.5MB/s]
data/train-00269-of-00294.parquet: 100%|████████████████████████████████████████████| 505M/505M [00:06<00:00, 73.0MB/s]
data/train-00270-of-00294.parquet: 100%|████████████████████████████████████████████| 498M/498M [00:08<00:00, 55.5MB/s]
data/train-00271-of-00294.parquet: 100%|████████████████████████████████████████████| 498M/498M [00:06<00:00, 82.6MB/s]
data/train-00272-of-00294.parquet: 100%|████████████████████████████████████████████| 517M/517M [00:08<00:00, 63.3MB/s]
data/train-00273-of-00294.parquet: 100%|████████████████████████████████████████████| 499M/499M [00:07<00:00, 70.9MB/s]
data/train-00274-of-00294.parquet: 100%|████████████████████████████████████████████| 481M/481M [00:06<00:00, 79.5MB/s]
data/train-00275-of-00294.parquet: 100%|████████████████████████████████████████████| 506M/506M [00:07<00:00, 68.9MB/s]
data/train-00276-of-00294.parquet: 100%|████████████████████████████████████████████| 503M/503M [00:07<00:00, 69.3MB/s]
data/train-00277-of-00294.parquet: 100%|████████████████████████████████████████████| 494M/494M [00:07<00:00, 63.9MB/s]
data/train-00278-of-00294.parquet: 100%|████████████████████████████████████████████| 500M/500M [00:08<00:00, 56.5MB/s]
data/train-00279-of-00294.parquet: 100%|████████████████████████████████████████████| 502M/502M [00:07<00:00, 71.6MB/s]
data/train-00280-of-00294.parquet: 100%|████████████████████████████████████████████| 486M/486M [00:06<00:00, 76.4MB/s]
data/train-00281-of-00294.parquet: 100%|████████████████████████████████████████████| 512M/512M [00:08<00:00, 61.4MB/s]
data/train-00282-of-00294.parquet: 100%|████████████████████████████████████████████| 499M/499M [00:07<00:00, 65.3MB/s]
data/train-00283-of-00294.parquet: 100%|████████████████████████████████████████████| 496M/496M [00:07<00:00, 66.1MB/s]
data/train-00284-of-00294.parquet: 100%|████████████████████████████████████████████| 515M/515M [00:06<00:00, 79.0MB/s]
data/train-00285-of-00294.parquet: 100%|████████████████████████████████████████████| 505M/505M [00:08<00:00, 59.6MB/s]
data/train-00286-of-00294.parquet: 100%|████████████████████████████████████████████| 506M/506M [00:07<00:00, 71.1MB/s]
data/train-00287-of-00294.parquet: 100%|████████████████████████████████████████████| 494M/494M [00:07<00:00, 64.3MB/s]
data/train-00288-of-00294.parquet: 100%|████████████████████████████████████████████| 513M/513M [00:07<00:00, 66.6MB/s]
data/train-00289-of-00294.parquet: 100%|████████████████████████████████████████████| 501M/501M [00:07<00:00, 63.8MB/s]
data/train-00290-of-00294.parquet: 100%|████████████████████████████████████████████| 491M/491M [00:08<00:00, 59.5MB/s]
data/train-00291-of-00294.parquet: 100%|████████████████████████████████████████████| 489M/489M [00:06<00:00, 70.1MB/s]
data/train-00292-of-00294.parquet: 100%|████████████████████████████████████████████| 492M/492M [00:05<00:00, 94.1MB/s]
data/train-00293-of-00294.parquet: 100%|████████████████████████████████████████████| 488M/488M [00:08<00:00, 56.6MB/s]
Downloading data: 100%|███████████████████████████████████████████████████████████| 294/294 [36:47<00:00,  7.51s/files]
data/validation-00000-of-00014.parquet: 100%|███████████████████████████████████████| 480M/480M [00:07<00:00, 60.4MB/s]
data/validation-00001-of-00014.parquet: 100%|███████████████████████████████████████| 485M/485M [00:05<00:00, 86.9MB/s]
data/validation-00002-of-00014.parquet: 100%|███████████████████████████████████████| 471M/471M [00:06<00:00, 71.6MB/s]
data/validation-00003-of-00014.parquet: 100%|███████████████████████████████████████| 478M/478M [00:07<00:00, 62.6MB/s]
data/validation-00004-of-00014.parquet: 100%|███████████████████████████████████████| 478M/478M [00:06<00:00, 74.0MB/s]
data/validation-00005-of-00014.parquet: 100%|███████████████████████████████████████| 476M/476M [00:07<00:00, 60.4MB/s]
data/validation-00006-of-00014.parquet: 100%|███████████████████████████████████████| 480M/480M [00:07<00:00, 65.5MB/s]
data/validation-00007-of-00014.parquet: 100%|███████████████████████████████████████| 476M/476M [00:07<00:00, 62.9MB/s]
data/validation-00008-of-00014.parquet: 100%|███████████████████████████████████████| 476M/476M [00:07<00:00, 67.5MB/s]
data/validation-00009-of-00014.parquet: 100%|███████████████████████████████████████| 470M/470M [00:04<00:00, 95.5MB/s]
data/validation-00010-of-00014.parquet: 100%|███████████████████████████████████████| 475M/475M [00:07<00:00, 59.8MB/s]
data/validation-00011-of-00014.parquet: 100%|███████████████████████████████████████| 472M/472M [00:06<00:00, 70.9MB/s]
data/validation-00012-of-00014.parquet: 100%|███████████████████████████████████████| 493M/493M [00:07<00:00, 65.9MB/s]
data/validation-00013-of-00014.parquet: 100%|███████████████████████████████████████| 484M/484M [00:07<00:00, 64.9MB/s]
data/test-00000-of-00028.parquet: 100%|█████████████████████████████████████████████| 509M/509M [00:07<00:00, 71.5MB/s]
data/test-00001-of-00028.parquet: 100%|█████████████████████████████████████████████| 479M/479M [00:07<00:00, 60.9MB/s]
data/test-00002-of-00028.parquet: 100%|█████████████████████████████████████████████| 495M/495M [00:07<00:00, 67.9MB/s]
data/test-00003-of-00028.parquet: 100%|█████████████████████████████████████████████| 472M/472M [00:07<00:00, 63.5MB/s]
data/test-00004-of-00028.parquet: 100%|█████████████████████████████████████████████| 484M/484M [00:08<00:00, 54.8MB/s]
data/test-00005-of-00028.parquet: 100%|█████████████████████████████████████████████| 489M/489M [00:06<00:00, 72.1MB/s]
data/test-00006-of-00028.parquet: 100%|█████████████████████████████████████████████| 482M/482M [00:07<00:00, 64.9MB/s]
data/test-00007-of-00028.parquet: 100%|█████████████████████████████████████████████| 483M/483M [00:08<00:00, 57.6MB/s]
data/test-00008-of-00028.parquet: 100%|█████████████████████████████████████████████| 495M/495M [00:06<00:00, 81.7MB/s]
data/test-00009-of-00028.parquet: 100%|█████████████████████████████████████████████| 491M/491M [00:07<00:00, 62.5MB/s]
data/test-00010-of-00028.parquet: 100%|█████████████████████████████████████████████| 489M/489M [00:08<00:00, 57.3MB/s]
data/test-00011-of-00028.parquet: 100%|█████████████████████████████████████████████| 491M/491M [00:07<00:00, 64.1MB/s]
data/test-00012-of-00028.parquet: 100%|█████████████████████████████████████████████| 491M/491M [00:07<00:00, 65.8MB/s]
data/test-00013-of-00028.parquet: 100%|█████████████████████████████████████████████| 484M/484M [00:08<00:00, 55.8MB/s]
data/test-00014-of-00028.parquet: 100%|█████████████████████████████████████████████| 484M/484M [00:07<00:00, 65.3MB/s]
data/test-00015-of-00028.parquet: 100%|█████████████████████████████████████████████| 482M/482M [00:09<00:00, 52.5MB/s]
data/test-00016-of-00028.parquet: 100%|█████████████████████████████████████████████| 484M/484M [00:07<00:00, 66.9MB/s]
data/test-00017-of-00028.parquet: 100%|█████████████████████████████████████████████| 470M/470M [00:08<00:00, 58.2MB/s]
data/test-00018-of-00028.parquet: 100%|█████████████████████████████████████████████| 479M/479M [00:07<00:00, 67.0MB/s]
data/test-00019-of-00028.parquet: 100%|█████████████████████████████████████████████| 486M/486M [00:06<00:00, 73.5MB/s]
data/test-00020-of-00028.parquet: 100%|█████████████████████████████████████████████| 492M/492M [00:07<00:00, 63.2MB/s]
data/test-00021-of-00028.parquet: 100%|█████████████████████████████████████████████| 475M/475M [00:07<00:00, 67.2MB/s]
data/test-00022-of-00028.parquet: 100%|█████████████████████████████████████████████| 494M/494M [00:07<00:00, 66.2MB/s]
data/test-00023-of-00028.parquet: 100%|█████████████████████████████████████████████| 484M/484M [00:06<00:00, 70.6MB/s]
data/test-00024-of-00028.parquet: 100%|█████████████████████████████████████████████| 470M/470M [00:08<00:00, 54.6MB/s]
Downloading data:  89%|██████████████████████████████████████████████████████▍      | 25/28 [03:12<00:23,  7.75s/files]
data/test-00025-of-00028.parquet: 100%|███████████████████data/test-00025-of-00028.parquet: 100%|█████████████████████████████████████████████| 479M/479M [00:07<00:00, 61.0MB/s]
Downloading data:  93%|████████████████████████████████████████████████████████▋    | 26/28 [03:20<00:15,  7.80s/fildata/test-00026-of-00028.parquet: 100%|█| 488M/488M [00:06
Downloading data:  96%|██████████████████████████████████████████████████████████▊  | 27/28 [03:27<00:07,  7.39s/fildata/test-00027-of-00028.parquet: 100%|█| 478M/478M [00:06
Downloading data: 100%|█████████████████████████████████████████████████████████████| 28/28 [03:34<00:00,  7.27s/filDownloading data: 100%|█████████████████████████████████████████████████████████████| 28/28 [03:34<00:00,  7.65s/files]
Generating train split: 100%|█| 1281167/1281167 [36:51<00:
Generating validation split: 100%|███████████████████████████████████████████████████████████████████████████████████████████████████████| 50000/50000 [01:42<00:00, 489.18 examples/s]
Generating test split: 100%|███████████████████████████████████████████████████████████████████████████████████████████████████████████| 100000/100000 [03:27<00:00, 482.77 examples/s]
Loading dataset shards: 100%|████████████████████████████████████████████████████████████████████████████████████████████████████████████████████████| 267/267 [00:36<00:00,  7.29it/s]
Loading dataset shards: 100%|██████████████████████████████████████████████████████████████████████████████████████████████████████████████████████████| 24/24 [00:02<00:00,  9.37it/s]